\BOOKMARK [1][-]{section.1}{Einf\374hrung}{}% 1
\BOOKMARK [2][-]{subsection.1.1}{ZahlenmengenS1,331}{section.1}% 2
\BOOKMARK [2][-]{subsection.1.2}{MengenlehreS334}{section.1}% 3
\BOOKMARK [2][-]{subsection.1.3}{BeweismethodenS5}{section.1}% 4
\BOOKMARK [2][-]{subsection.1.4}{Spezielle UngleichungenS30}{section.1}% 5
\BOOKMARK [2][-]{subsection.1.5}{Umgebung}{section.1}% 6
\BOOKMARK [2][-]{subsection.1.6}{SummenzeichenS7}{section.1}% 7
\BOOKMARK [2][-]{subsection.1.7}{Spezielle endliche ReihenS19}{section.1}% 8
\BOOKMARK [2][-]{subsection.1.8}{ProduktzeichenS7}{section.1}% 9
\BOOKMARK [2][-]{subsection.1.9}{Fakult\344tS13}{section.1}% 10
\BOOKMARK [2][-]{subsection.1.10}{Binomischer SatzS12}{section.1}% 11
\BOOKMARK [2][-]{subsection.1.11}{Einige Wurzeln}{section.1}% 12
\BOOKMARK [1][-]{section.2}{FunktionenS48}{}% 13
\BOOKMARK [2][-]{subsection.2.1}{Einleitung}{section.2}% 14
\BOOKMARK [2][-]{subsection.2.2}{Transformationen}{section.2}% 15
\BOOKMARK [3][-]{subsubsection.2.2.1}{Spiegelung}{subsection.2.2}% 16
\BOOKMARK [2][-]{subsection.2.3}{Spezielle Funktionen}{section.2}% 17
\BOOKMARK [2][-]{subsection.2.4}{UmkehrfunktionS52}{section.2}% 18
\BOOKMARK [2][-]{subsection.2.5}{Verkettung oder mittelbare Funktion}{section.2}% 19
\BOOKMARK [2][-]{subsection.2.6}{Beschr\344nktheitS51}{section.2}% 20
\BOOKMARK [2][-]{subsection.2.7}{MonotonieS50}{section.2}% 21
\BOOKMARK [2][-]{subsection.2.8}{Gerade/Ungerade FunktionenS51}{section.2}% 22
\BOOKMARK [2][-]{subsection.2.9}{Ganzrationale Funktionen \(Polynom\)S62,64}{section.2}% 23
\BOOKMARK [2][-]{subsection.2.10}{HornerschemaS965}{section.2}% 24
\BOOKMARK [2][-]{subsection.2.11}{Gebrochenrationale FunktionenS62,66}{section.2}% 25
\BOOKMARK [2][-]{subsection.2.12}{PartialbruchzerlegungS15}{section.2}% 26
\BOOKMARK [2][-]{subsection.2.13}{Trigonometrische FunktionenS76ff ArcusS86}{section.2}% 27
\BOOKMARK [2][-]{subsection.2.14}{SchwingungenS83}{section.2}% 28
\BOOKMARK [2][-]{subsection.2.15}{Potenz- und WurzelfunktionenS8,71}{section.2}% 29
\BOOKMARK [2][-]{subsection.2.16}{Hyperbolische FunktionenS88 AreahyperbolicusS92}{section.2}% 30
\BOOKMARK [2][-]{subsection.2.17}{Logarithmus- und e-FunktionS9,72}{section.2}% 31
\BOOKMARK [2][-]{subsection.2.18}{- M - KriteriumS53}{section.2}% 32
\BOOKMARK [2][-]{subsection.2.19}{- \040- KriteriumS53}{section.2}% 33
\BOOKMARK [2][-]{subsection.2.20}{K-KriteriumS54}{section.2}% 34
\BOOKMARK [1][-]{section.3}{ZahlenfolgenS18,469}{}% 35
\BOOKMARK [2][-]{subsection.3.1}{Einf\374hrungS18}{section.3}% 36
\BOOKMARK [2][-]{subsection.3.2}{Beschr\344nktheitS51,469}{section.3}% 37
\BOOKMARK [3][-]{subsubsection.3.2.1}{Bolzano-Weierstrass}{subsection.3.2}% 38
\BOOKMARK [2][-]{subsection.3.3}{Grenzwerts\344tzeS470}{section.3}% 39
\BOOKMARK [2][-]{subsection.3.4}{Grenzwerte von rekursiven Folgen}{section.3}% 40
\BOOKMARK [2][-]{subsection.3.5}{- n0 - KriteriumS470}{section.3}% 41
\BOOKMARK [1][-]{section.4}{Grenzwerte von FunktionenS53}{}% 42
\BOOKMARK [2][-]{subsection.4.1}{Berechnung von GrenzwertenS56}{section.4}% 43
\BOOKMARK [3][-]{subsubsection.4.1.1}{Spezielle Grenzwert S\344tze}{subsection.4.1}% 44
\BOOKMARK [3][-]{subsubsection.4.1.2}{EinschliessungsprinzipS55}{subsection.4.1}% 45
\BOOKMARK [2][-]{subsection.4.2}{Links-/Rechtsseitiger GrenzwertS54}{section.4}% 46
\BOOKMARK [2][-]{subsection.4.3}{Konvergenz, DivergenzS474}{section.4}% 47
\BOOKMARK [2][-]{subsection.4.4}{StetigkeitS59}{section.4}% 48
\BOOKMARK [2][-]{subsection.4.5}{\334bertragungsprinzip}{section.4}% 49
\BOOKMARK [2][-]{subsection.4.6}{Spezielle GrenzwerteS58}{section.4}% 50
\BOOKMARK [2][-]{subsection.4.7}{AsymptotenbestimmungS15}{section.4}% 51
\BOOKMARK [1][-]{section.5}{DifferentialrechnungS443}{}% 52
\BOOKMARK [2][-]{subsection.5.1}{AbleitungsregelnS449}{section.5}% 53
\BOOKMARK [2][-]{subsection.5.2}{Einige AbleitungenS445}{section.5}% 54
\BOOKMARK [2][-]{subsection.5.3}{H\366here AbleitungenS451}{section.5}% 55
\BOOKMARK [2][-]{subsection.5.4}{Tangentengleichung}{section.5}% 56
\BOOKMARK [2][-]{subsection.5.5}{Differential, FehlerrechnungS865}{section.5}% 57
\BOOKMARK [2][-]{subsection.5.6}{MittelwertsatzS453}{section.5}% 58
\BOOKMARK [2][-]{subsection.5.7}{Taylor PolynomS454,483}{section.5}% 59
\BOOKMARK [3][-]{subsubsection.5.7.1}{Einige ReihenS19,476,1073}{subsection.5.7}% 60
\BOOKMARK [2][-]{subsection.5.8}{Bernoulli-de l'HospitalS56}{section.5}% 61
\BOOKMARK [3][-]{subsubsection.5.8.1}{Spezialf\344lle}{subsection.5.8}% 62
\BOOKMARK [2][-]{subsection.5.9}{KurvenuntersuchungenS260}{section.5}% 63
\BOOKMARK [3][-]{subsubsection.5.9.1}{MonotonieS452}{subsection.5.9}% 64
\BOOKMARK [3][-]{subsubsection.5.9.2}{ExtremstelleS455}{subsection.5.9}% 65
\BOOKMARK [3][-]{subsubsection.5.9.3}{Konvexit\344t - Kr\374mmungsverhaltenS253}{subsection.5.9}% 66
\BOOKMARK [3][-]{subsubsection.5.9.4}{Wendepunkte \(Terassenpunkt\)S255}{subsection.5.9}% 67
\BOOKMARK [3][-]{subsubsection.5.9.5}{AsymptoteS259}{subsection.5.9}% 68
\BOOKMARK [2][-]{subsection.5.10}{Schnittwinkel von zwei Funktionen}{section.5}% 69
\BOOKMARK [3][-]{subsubsection.5.10.1}{Normale}{subsection.5.10}% 70
\BOOKMARK [1][-]{section.6}{IntegralrechnungS492}{}% 71
\BOOKMARK [2][-]{subsection.6.1}{Bestimmtes IntegralS505}{section.6}% 72
\BOOKMARK [2][-]{subsection.6.2}{Integrierbarkeit}{section.6}% 73
\BOOKMARK [2][-]{subsection.6.3}{IntegralregelnS494}{section.6}% 74
\BOOKMARK [2][-]{subsection.6.4}{Fl\344cheninhaltS507}{section.6}% 75
\BOOKMARK [2][-]{subsection.6.5}{MittelwertsatzS509}{section.6}% 76
\BOOKMARK [2][-]{subsection.6.6}{Integralfunktion}{section.6}% 77
\BOOKMARK [3][-]{subsubsection.6.6.1}{DifferenzierbarkeitS508}{subsection.6.6}% 78
\BOOKMARK [2][-]{subsection.6.7}{Unbestimmtes IntegralS492}{section.6}% 79
\BOOKMARK [2][-]{subsection.6.8}{StammfunktionS492}{section.6}% 80
\BOOKMARK [2][-]{subsection.6.9}{RechenregelnS495}{section.6}% 81
